make: Nothing to be done for 'float'.
make: Nothing to be done for 'double'.
                           node0           node1           node2           node3           node4           node5           node6           node7
numa_hit             11541370008      3195210034      2889036975      2471319664      2760400911      2186087982      2461250812      2792840787
numa_miss               14760802        30059877        92338730        45077088        35738397        36921772        19696207         4731048
numa_foreign           122311696        75708213         3270611        24359608         9158828         8784167          552667        35178131
interleave_hit         185437042       155164950       140545807       130727848        15963681        15965293        15964032        15963646
local_node           11539081169      3040151532      2748469701      2340431839      2743971831      2169558488      2406664762      2776541543
other_node              17049641       185118379       232906004       175964913        52167477        53451266        74282257        21030292
                           node0           node1           node2           node3           node4           node5           node6           node7
numa_hit             11541373891      3195213921      2889040921      2471323534      2760400911      2186087982      2461250812      2792840993
numa_miss               14760802        30059877        92338730        45077088        35738397        36921772        19696207         4731048
numa_foreign           122311696        75708213         3270611        24359608         9158828         8784167          552667        35178131
interleave_hit         185440862       155168770       140549691       130731656        15963681        15965293        15964032        15963646
local_node           11539084419      3040151743      2748469924      2340432045      2743971831      2169558488      2406664762      2776541749
other_node              17050274       185122055       232909727       175968577        52167477        53451266        74282257        21030292
                           node0           node1           node2           node3           node4           node5           node6           node7
numa_hit             11541377828      3195217798      2889044808      2471327402      2760400911      2186087987      2461251092      2792841196
numa_miss               14760802        30059877        92338730        45077088        35738397        36921772        19696207         4731048
numa_foreign           122311696        75708213         3270611        24359608         9158828         8784167          552667        35178131
interleave_hit         185444737       155172580       140553516       130735462        15963681        15965293        15964032        15963646
local_node           11539087685      3040151958      2748470126      2340432255      2743971831      2169558493      2406665042      2776541952
other_node              17050945       185125717       232913412       175972235        52167477        53451266        74282257        21030292
                           node0           node1           node2           node3           node4           node5           node6           node7
numa_hit             11541381780      3195221687      2889048692      2471331275      2760400916      2186087987      2461251092      2792841397
numa_miss               14760802        30059877        92338730        45077088        35738397        36921772        19696207         4731048
numa_foreign           122311696        75708213         3270611        24359608         9158828         8784167          552667        35178131
interleave_hit         185448626       155176402       140557338       130739273        15963681        15965293        15964032        15963646
local_node           11539090947      3040152168      2748470334      2340432456      2743971836      2169558493      2406665042      2776542153
other_node              17051635       185129396       232917088       175975907        52167477        53451266        74282257        21030292
                           node0           node1           node2           node3           node4           node5           node6           node7
numa_hit             11541385657      3195225625      2889052579      2471335147      2760400921      2186087987      2461251372      2792841613
numa_miss               14760802        30059877        92338730        45077088        35738397        36921772        19696207         4731048
numa_foreign           122311696        75708213         3270611        24359608         9158828         8784167          552667        35178131
interleave_hit         185452441       155180273       140561163       130743083        15963681        15965293        15964032        15963646
local_node           11539094193      3040152391      2748470539      2340432663      2743971841      2169558493      2406665046      2776542361
other_node              17052266       185133111       232920770       175979572        52167477        53451266        74282533        21030300
                           node0           node1           node2           node3           node4           node5           node6           node7
numa_hit             11541393287      3195233293      2889060201      2471342759      2760400926      2186087987      2461251372      2792841815
numa_miss               14760802        30059877        92338730        45077088        35738397        36921772        19696207         4731048
numa_foreign           122311696        75708213         3270611        24359608         9158828         8784167          552667        35178131
interleave_hit         185460008       155187879       140568718       130750633        15963681        15965293        15964032        15963646
local_node           11539101142      3040152622      2748470764      2340432882      2743971846      2169558493      2406665046      2776542563
other_node              17052947       185140548       232928167       175986965        52167477        53451266        74282533        21030300
                           node0           node1           node2           node3           node4           node5           node6           node7
numa_hit             11541400904      3195240965      2889067822      2471350372      2760400931      2186087997      2461251644      2792842015
numa_miss               14760802        30059877        92338730        45077088        35738397        36921772        19696207         4731048
numa_foreign           122311696        75708213         3270611        24359608         9158828         8784167          552667        35178131
interleave_hit         185467563       155195489       140576277       130758184        15963681        15965293        15964032        15963646
local_node           11539108083      3040152858      2748470989      2340433096      2743971851      2169558503      2406665046      2776542763
other_node              17053623       185147984       232935563       175994364        52167477        53451266        74282805        21030300
                           node0           node1           node2           node3           node4           node5           node6           node7
numa_hit             11541408544      3195248622      2889075437      2471357982      2760400931      2186088007      2461251644      2792842211
numa_miss               14760802        30059877        92338730        45077088        35738397        36921772        19696207         4731048
numa_foreign           122311696        75708213         3270611        24359608         9158828         8784167          552667        35178131
interleave_hit         185475140       155203084       140583830       130765732        15963681        15965293        15964032        15963646
local_node           11539115039      3040153089      2748471209      2340433316      2743971851      2169558513      2406665046      2776542959
other_node              17054307       185155410       232942958       176001754        52167477        53451266        74282805        21030300
                           node0           node1           node2           node3           node4           node5           node6           node7
numa_hit             11541416166      3195256246      2889083103      2471365593      2760400931      2186088007      2461251644      2792842411
numa_miss               14760802        30059877        92338730        45077088        35738397        36921772        19696207         4731048
numa_foreign           122311696        75708213         3270611        24359608         9158828         8784167          552667        35178131
interleave_hit         185482695       155210646       140591434       130773281        15963681        15965293        15964032        15963646
local_node           11539121982      3040153306      2748471431      2340433536      2743971851      2169558513      2406665046      2776543159
other_node              17054986       185162817       232950402       176009145        52167477        53451266        74282805        21030300
                           node0           node1           node2           node3           node4           node5           node6           node7
numa_hit             11541423795      3195263914      2889090717      2471373207      2760400936      2186088007      2461251644      2792842614
numa_miss               14760802        30059877        92338730        45077088        35738397        36921772        19696207         4731048
numa_foreign           122311696        75708213         3270611        24359608         9158828         8784167          552667        35178131
interleave_hit         185490261       155218252       140598986       130780833        15963681        15965293        15964032        15963646
local_node           11539128933      3040153542      2748471652      2340433756      2743971856      2169558513      2406665046      2776543362
other_node              17055664       185170249       232957795       176016539        52167477        53451266        74282805        21030300
                           node0           node1           node2           node3           node4           node5           node6           node7
numa_hit             11541436629      3195276729      2889103597      2471386020      2760400937      2186088007      2461251650      2792842816
numa_miss               14760802        30059877        92338730        45077088        35738397        36921772        19696207         4731048
numa_foreign           122311696        75708213         3270611        24359608         9158828         8784167          552667        35178131
interleave_hit         185503032       155231005       140611799       130793584        15963681        15965293        15964032        15963646
local_node           11539141028      3040153779      2748471910      2340433985      2743971857      2169558513      2406665052      2776543564
other_node              17056403       185182827       232970417       176029123        52167477        53451266        74282805        21030300
                           node0           node1           node2           node3           node4           node5           node6           node7
numa_hit             11541449451      3195289561      2889116424      2471398873      2760400939      2186088007      2461251650      2792843017
numa_miss               14760802        30059877        92338730        45077088        35738397        36921772        19696207         4731048
numa_foreign           122311696        75708213         3270611        24359608         9158828         8784167          552667        35178131
interleave_hit         185515787       155243775       140624564       130806375        15963681        15965293        15964032        15963646
local_node           11539153131      3040154023      2748472142      2340434232      2743971859      2169558513      2406665052      2776543765
other_node              17057122       185195415       232983012       176041729        52167477        53451266        74282805        21030300
                           node0           node1           node2           node3           node4           node5           node6           node7
numa_hit             11541462272      3195302436      2889129241      2471411684      2760400939      2186088007      2461251650      2792843217
numa_miss               14760802        30059877        92338730        45077088        35738397        36921772        19696207         4731048
numa_foreign           122311696        75708213         3270611        24359608         9158828         8784167          552667        35178131
interleave_hit         185528545       155256583       140637319       130819124        15963681        15965293        15964032        15963646
local_node           11539165226      3040154281      2748472374      2340434469      2743971859      2169558513      2406665052      2776543965
other_node              17057848       185208032       232995597       176054303        52167477        53451266        74282805        21030300
                           node0           node1           node2           node3           node4           node5           node6           node7
numa_hit             11541475090      3195315313      2889142066      2471424493      2760400940      2186088008      2461251650      2792843419
numa_miss               14760802        30059877        92338730        45077088        35738397        36921772        19696207         4731048
numa_foreign           122311696        75708213         3270611        24359608         9158828         8784167          552667        35178131
interleave_hit         185541300       155269398       140650081       130831871        15963681        15965293        15964032        15963646
local_node           11539177327      3040154535      2748472609      2340434701      2743971860      2169558514      2406665052      2776544167
other_node              17058565       185220655       233008187       176066880        52167477        53451266        74282805        21030300
                           node0           node1           node2           node3           node4           node5           node6           node7
numa_hit             11541487908      3195328198      2889154884      2471437306      2760400940      2186088008      2461251650      2792843620
numa_miss               14760802        30059877        92338730        45077088        35738397        36921772        19696207         4731048
numa_foreign           122311696        75708213         3270611        24359608         9158828         8784167          552667        35178131
interleave_hit         185554056       155282216       140662837       130844622        15963681        15965293        15964032        15963646
local_node           11539189425      3040154789      2748472842      2340434935      2743971860      2169558514      2406665052      2776544368
other_node              17059285       185233286       233020772       176079459        52167477        53451266        74282805        21030300
                           node0           node1           node2           node3           node4           node5           node6           node7
numa_hit             11541507397      3195347723      2889174380      2471456812      2760400940      2186088008      2461251650      2792843822
numa_miss               14760802        30059877        92338730        45077088        35738397        36921772        19696207         4731048
numa_foreign           122311696        75708213         3270611        24359608         9158828         8784167          552667        35178131
interleave_hit         185573482       155301679       140682271       130864066        15963681        15965293        15964032        15963646
local_node           11539208137      3040155052      2748473093      2340435202      2743971860      2169558514      2406665052      2776544570
other_node              17060062       185252548       233040017       176098698        52167477        53451266        74282805        21030300
                           node0           node1           node2           node3           node4           node5           node6           node7
numa_hit             11541526886      3195367208      2889193932      2471476292      2760400940      2186088008      2461251650      2792844023
numa_miss               14760802        30059877        92338730        45077088        35738397        36921772        19696207         4731048
numa_foreign           122311696        75708213         3270611        24359608         9158828         8784167          552667        35178131
interleave_hit         185592909       155321102       140701761       130883484        15963681        15965293        15964032        15963646
local_node           11539226856      3040155305      2748473361      2340435456      2743971860      2169558514      2406665052      2776544771
other_node              17060832       185271780       233059301       176117924        52167477        53451266        74282805        21030300
                           node0           node1           node2           node3           node4           node5           node6           node7
numa_hit             11541546376      3195386747      2889213415      2471495773      2760400940      2186088008      2461251650      2792844251
numa_miss               14760802        30059877        92338730        45077088        35738397        36921772        19696207         4731048
numa_foreign           122311696        75708213         3270611        24359608         9158828         8784167          552667        35178131
interleave_hit         185612336       155340579       140721182       130902903        15963681        15965293        15964032        15963646
local_node           11539245577      3040155572      2748473616      2340435708      2743971860      2169558514      2406665052      2776544999
other_node              17061601       185291052       233078529       176137153        52167477        53451266        74282805        21030300
                           node0           node1           node2           node3           node4           node5           node6           node7
numa_hit             11541565872      3195406281      2889232903      2471515251      2760400940      2186088008      2461251778      2792844452
numa_miss               14760802        30059877        92338730        45077088        35738397        36921772        19696207         4731048
numa_foreign           122311696        75708213         3270611        24359608         9158828         8784167          552667        35178131
interleave_hit         185631769       155360051       140740608       130922319        15963681        15965293        15964032        15963646
local_node           11539264299      3040155837      2748473873      2340435963      2743971860      2169558514      2406665052      2776545200
other_node              17062375       185310321       233097760       176156376        52167477        53451266        74282933        21030300
                           node0           node1           node2           node3           node4           node5           node6           node7
numa_hit             11541585371      3195425767      2889252388      2471534792      2760400940      2186088008      2461252050      2792844653
numa_miss               14760802        30059877        92338730        45077088        35738397        36921772        19696207         4731048
numa_foreign           122311696        75708213         3270611        24359608         9158828         8784167          552667        35178131
interleave_hit         185651205       155379475       140760031       130941798        15963681        15965293        15964032        15963646
local_node           11539283023      3040156088      2748474122      2340436232      2743971860      2169558514      2406665052      2776545401
other_node              17063150       185329556       233116996       176175648        52167477        53451266        74283205        21030300
                           node0           node1           node2           node3           node4           node5           node6           node7
numa_hit             11541612992      3195453391      2889280075      2471562406      2760400940      2186088008      2461252050      2792844854
numa_miss               14760802        30059877        92338730        45077088        35738397        36921772        19696207         4731048
numa_foreign           122311696        75708213         3270611        24359608         9158828         8784167          552667        35178131
interleave_hit         185678764       155407037       140787656       130969350        15963681        15965293        15964032        15963646
local_node           11539309825      3040156357      2748474407      2340436502      2743971860      2169558514      2406665052      2776545602
other_node              17063969       185356911       233144398       176202992        52167477        53451266        74283205        21030300
                           node0           node1           node2           node3           node4           node5           node6           node7
numa_hit             11541640615      3195481047      2889307697      2471590052      2760400940      2186088008      2461252050      2792845058
numa_miss               14760802        30059877        92338730        45077088        35738397        36921772        19696207         4731048
numa_foreign           122311696        75708213         3270611        24359608         9158828         8784167          552667        35178131
interleave_hit         185706324       155434631       140815216       130996934        15963681        15965293        15964032        15963646
local_node           11539336621      3040156634      2748474676      2340436775      2743971860      2169558514      2406665052      2776545806
other_node              17064796       185384290       233171751       176230365        52167477        53451266        74283205        21030300
                           node0           node1           node2           node3           node4           node5           node6           node7
numa_hit             11541668237      3195508717      2889335326      2471617671      2760400940      2186088008      2461252050      2792845263
numa_miss               14760802        30059877        92338730        45077088        35738397        36921772        19696207         4731048
numa_foreign           122311696        75708213         3270611        24359608         9158828         8784167          552667        35178131
interleave_hit         185733883       155462239       140842783       131024491        15963681        15965293        15964032        15963646
local_node           11539363424      3040156918      2748474943      2340437047      2743971860      2169558514      2406665052      2776546011
other_node              17065615       185411676       233199113       176257712        52167477        53451266        74283205        21030300
                           node0           node1           node2           node3           node4           node5           node6           node7
numa_hit             11541695859      3195536398      2889362960      2471645286      2760400945      2186088008      2461252202      2792845467
numa_miss               14760802        30059877        92338730        45077088        35738397        36921772        19696207         4731048
numa_foreign           122311696        75708213         3270611        24359608         9158828         8784167          552667        35178131
interleave_hit         185761442       155489858       140870350       131052044        15963681        15965293        15964032        15963646
local_node           11539390224      3040157197      2748475213      2340437316      2743971865      2169558514      2406665204      2776546215
other_node              17066437       185439078       233226477       176285058        52167477        53451266        74283205        21030300
                           node0           node1           node2           node3           node4           node5           node6           node7
numa_hit             11541723484      3195564021      2889390650      2471672902      2760400945      2186088008      2461252765      2792845672
numa_miss               14760802        30059877        92338730        45077088        35738397        36921772        19696207         4731048
numa_foreign           122311696        75708213         3270611        24359608         9158828         8784167          552667        35178131
interleave_hit         185789005       155517419       140897978       131079598        15963681        15965293        15964032        15963646
local_node           11539417025      3040157465      2748475499      2340437585      2743971865      2169558514      2406665367      2776546420
other_node              17067261       185466433       233253881       176312405        52167477        53451266        74283605        21030300
                           node0           node1           node2           node3           node4           node5           node6           node7
numa_hit             11541760746      3195601282      2889427886      2471710418      2760400950      2186088013      2461252927      2792846897
numa_miss               14760802        30059877        92338730        45077088        35738397        36921772        19696207         4731048
numa_foreign           122311696        75708213         3270611        24359608         9158828         8784167          552667        35178131
interleave_hit         185826199       155554618       140935152       131116756        15963681        15965293        15964032        15963646
local_node           11539453407      3040157765      2748475780      2340438160      2743971870      2169558519      2406665529      2776547645
other_node              17068141       185503394       233290836       176349346        52167477        53451266        74283605        21030300
                           node0           node1           node2           node3           node4           node5           node6           node7
numa_hit             11541797975      3195638519      2889465166      2471747633      2760400950      2186088018      2461253237      2792847102
numa_miss               14760802        30059877        92338730        45077088        35738397        36921772        19696207         4731048
numa_foreign           122311696        75708213         3270611        24359608         9158828         8784167          552667        35178131
interleave_hit         185863360       155591793       140972368       131153907        15963681        15965293        15964032        15963646
local_node           11539489767      3040158050      2748476075      2340438443      2743971870      2169558524      2406665839      2776547850
other_node              17069010       185540346       233327821       176386278        52167477        53451266        74283605        21030300
                           node0           node1           node2           node3           node4           node5           node6           node7
numa_hit             11541835204      3195675797      2889502396      2471785014      2760400955      2186088023      2461253237      2792847302
numa_miss               14760802        30059877        92338730        45077088        35738397        36921772        19696207         4731048
numa_foreign           122311696        75708213         3270611        24359608         9158828         8784167          552667        35178131
interleave_hit         185900526       155629009       141009536       131191078        15963681        15965293        15964032        15963646
local_node           11539526128      3040158354      2748476359      2340438879      2743971875      2169558529      2406665839      2776548050
other_node              17069878       185577320       233364767       176423223        52167477        53451266        74283605        21030300
                           node0           node1           node2           node3           node4           node5           node6           node7
numa_hit             11541872426      3195713086      2889539628      2471822244      2760400960      2186088317      2461253237      2792847501
numa_miss               14760802        30059877        92338730        45077088        35738397        36921772        19696207         4731048
numa_foreign           122311696        75708213         3270611        24359608         9158828         8784167          552667        35178131
interleave_hit         185937685       155666226       141046706       131228246        15963681        15965293        15964032        15963646
local_node           11539562485      3040158662      2748476644      2340439158      2743971880      2169558823      2406665839      2776548249
other_node              17070743       185614301       233401714       176460174        52167477        53451266        74283605        21030300
                           node0           node1           node2           node3           node4           node5           node6           node7
numa_hit             11541909655      3195750377      2889576856      2471859462      2760400960      2186088471      2461253252      2792847705
numa_miss               14760802        30059877        92338730        45077088        35738397        36921772        19696207         4731048
numa_foreign           122311696        75708213         3270611        24359608         9158828         8784167          552667        35178131
interleave_hit         185974851       155703455       141083872       131265402        15963681        15965293        15964032        15963646
local_node           11539598845      3040158966      2748476931      2340439444      2743971880      2169558977      2406665854      2776548453
other_node              17071612       185651288       233438655       176497106        52167477        53451266        74283605        21030300
                           node0           node1           node2           node3           node4           node5           node6           node7
numa_hit             11541957951      3195798740      2889625153      2471907754      2760400965      2186088477      2461253402      2792847908
numa_miss               14760802        30059877        92338730        45077088        35738397        36921772        19696207         4731048
numa_foreign           122311696        75708213         3270611        24359608         9158828         8784167          552667        35178131
interleave_hit         186023084       155751751       141132107       131313632        15963681        15965293        15964032        15963646
local_node           11539646225      3040159287      2748477232      2340439742      2743971885      2169558983      2406666004      2776548656
other_node              17072528       185699330       233486651       176545100        52167477        53451266        74283605        21030300
                           node0           node1           node2           node3           node4           node5           node6           node7
numa_hit             11542006254      3195847108      2889673457      2471956043      2760400965      2186088477      2461253407      2792848111
numa_miss               14760802        30059877        92338730        45077088        35738397        36921772        19696207         4731048
numa_foreign           122311696        75708213         3270611        24359608         9158828         8784167          552667        35178131
interleave_hit         186071324       155800052       141180349       131361859        15963681        15965293        15964032        15963646
local_node           11539693610      3040159608      2748477529      2340440037      2743971885      2169558983      2406666009      2776548859
other_node              17073446       185747377       233534658       176593094        52167477        53451266        74283605        21030300
                           node0           node1           node2           node3           node4           node5           node6           node7
numa_hit             11542054552      3195895466      2889721755      2472004340      2760400965      2186088487      2461253807      2792848313
numa_miss               14760802        30059877        92338730        45077088        35738397        36921772        19696207         4731048
numa_foreign           122311696        75708213         3270611        24359608         9158828         8784167          552667        35178131
interleave_hit         186119559       155848348       141228585       131410094        15963681        15965293        15964032        15963646
local_node           11539740993      3040159926      2748477828      2340440336      2743971885      2169558993      2406666009      2776549061
other_node              17074361       185795417       233582657       176641092        52167477        53451266        74284005        21030300
                           node0           node1           node2           node3           node4           node5           node6           node7
numa_hit             11542102858      3195943793      2889770095      2472052630      2760400965      2186088487      2461253812      2792848515
numa_miss               14760802        30059877        92338730        45077088        35738397        36921772        19696207         4731048
numa_foreign           122311696        75708213         3270611        24359608         9158828         8784167          552667        35178131
interleave_hit         186167797       155896608       141276863       131458322        15963681        15965293        15964032        15963646
local_node           11539788380      3040160235      2748478146      2340440634      2743971885      2169558993      2406666014      2776549263
other_node              17075280       185843435       233630679       176689084        52167477        53451266        74284005        21030300
                           node0           node1           node2           node3           node4           node5           node6           node7
numa_hit             11542151162      3195992108      2889818391      2472100964      2760400965      2186088509      2461253817      2792848722
numa_miss               14760802        30059877        92338730        45077088        35738397        36921772        19696207         4731048
numa_foreign           122311696        75708213         3270611        24359608         9158828         8784167          552667        35178131
interleave_hit         186216038       155944861       141325097       131506594        15963681        15965293        15964032        15963646
local_node           11539835765      3040160542      2748478442      2340440938      2743971885      2169559015      2406666019      2776549470
other_node              17076199       185891443       233678679       176737114        52167477        53451266        74284005        21030300
                           node0           node1           node2           node3           node4           node5           node6           node7
numa_hit             11542212002      3196052946      2889879295      2472161798      2760400965      2186088509      2461253817      2792848922
numa_miss               14760802        30059877        92338730        45077088        35738397        36921772        19696207         4731048
numa_foreign           122311696        75708213         3270611        24359608         9158828         8784167          552667        35178131
interleave_hit         186276810       156005637       141385934       131567366        15963681        15965293        15964032        15963646
local_node           11539895647      3040160853      2748478776      2340441253      2743971885      2169559015      2406666019      2776549670
other_node              17077157       185951970       233739249       176797633        52167477        53451266        74284005        21030300
                           node0           node1           node2           node3           node4           node5           node6           node7
numa_hit             11542272860      3196113820      2889940128      2472222629      2760400966      2186088509      2461253817      2792849126
numa_miss               14760802        30059877        92338730        45077088        35738397        36921772        19696207         4731048
numa_foreign           122311696        75708213         3270611        24359608         9158828         8784167          552667        35178131
interleave_hit         186337605       156066449       141446705       131628135        15963681        15965293        15964032        15963646
local_node           11539955525      3040161185      2748479092      2340441564      2743971886      2169559015      2406666019      2776549874
other_node              17078137       186012512       233799766       176858153        52167477        53451266        74284005        21030300
                           node0           node1           node2           node3           node4           node5           node6           node7
numa_hit             11542333697      3196174723      2890000960      2472283461      2760400966      2186088509      2461253817      2792849326
numa_miss               14760802        30059877        92338730        45077088        35738397        36921772        19696207         4731048
numa_foreign           122311696        75708213         3270611        24359608         9158828         8784167          552667        35178131
interleave_hit         186398379       156127290       141507475       131688905        15963681        15965293        15964032        15963646
local_node           11540015401      3040161516      2748479410      2340441880      2743971886      2169559015      2406666019      2776550074
other_node              17079098       186073084       233860280       176918669        52167477        53451266        74284005        21030300
                           node0           node1           node2           node3           node4           node5           node6           node7
numa_hit             11542394606      3196235554      2890061796      2472344289      2760400972      2186088509      2461253817      2792849841
numa_miss               14760802        30059877        92338730        45077088        35738397        36921772        19696207         4731048
numa_foreign           122311696        75708213         3270611        24359608         9158828         8784167          552667        35178131
interleave_hit         186459220       156188054       141568249       131749671        15963681        15965293        15964032        15963646
local_node           11540075297      3040161836      2748479720      2340442200      2743971892      2169559015      2406666019      2776550589
other_node              17080111       186133595       233920806       176979177        52167477        53451266        74284005        21030300
                           node0           node1           node2           node3           node4           node5           node6           node7
numa_hit             11542455509      3196296383      2890122629      2472405122      2760400972      2186088509      2461253817      2792850047
numa_miss               14760802        30059877        92338730        45077088        35738397        36921772        19696207         4731048
numa_foreign           122311696        75708213         3270611        24359608         9158828         8784167          552667        35178131
interleave_hit         186520055       156248821       141629020       131810442        15963681        15965293        15964032        15963646
local_node           11540135193      3040162150      2748480035      2340442517      2743971892      2169559015      2406666019      2776550795
other_node              17081118       186194110       233981324       177039693        52167477        53451266        74284005        21030300
                           node0           node1           node2           node3           node4           node5           node6           node7
numa_hit             11542530365      3196371225      2890197533      2472479971      2760400972      2186088509      2461254104      2792850251
numa_miss               14760802        30059877        92338730        45077088        35738397        36921772        19696207         4731048
numa_foreign           122311696        75708213         3270611        24359608         9158828         8784167          552667        35178131
interleave_hit         186594831       156323601       141703859       131885229        15963681        15965293        15964032        15963646
local_node           11540209040      3040162481      2748480391      2340442851      2743971892      2169559015      2406666294      2776550999
other_node              17082127       186268621       234055872       177114208        52167477        53451266        74284017        21030300
                           node0           node1           node2           node3           node4           node5           node6           node7
numa_hit             11542605269      3196446076      2890272386      2472554807      2760400972      2186088509      2461254104      2792850461
numa_miss               14760802        30059877        92338730        45077088        35738397        36921772        19696207         4731048
numa_foreign           122311696        75708213         3270611        24359608         9158828         8784167          552667        35178131
interleave_hit         186669671       156398385       141778645       131960003        15963681        15965293        15964032        15963646
local_node           11540282897      3040162819      2748480721      2340443181      2743971892      2169559015      2406666294      2776551209
other_node              17083174       186343134       234130395       177188714        52167477        53451266        74284017        21030300
                           node0           node1           node2           node3           node4           node5           node6           node7
numa_hit             11542680173      3196520918      2890347231      2472629641      2760400972      2186088509      2461254104      2792850663
numa_miss               14760802        30059877        92338730        45077088        35738397        36921772        19696207         4731048
numa_foreign           122311696        75708213         3270611        24359608         9158828         8784167          552667        35178131
interleave_hit         186744512       156473165       141853428       132034775        15963681        15965293        15964032        15963646
local_node           11540356744      3040163150      2748481056      2340443512      2743971892      2169559015      2406666294      2776551411
other_node              17084231       186417645       234204905       177263217        52167477        53451266        74284017        21030300
                           node0           node1           node2           node3           node4           node5           node6           node7
numa_hit             11542755021      3196595823      2890422076      2472704479      2760400972      2186088509      2461254109      2792850869
numa_miss               14760802        30059877        92338730        45077088        35738397        36921772        19696207         4731048
numa_foreign           122311696        75708213         3270611        24359608         9158828         8784167          552667        35178131
interleave_hit         186819297       156548008       141928211       132109551        15963681        15965293        15964032        15963646
local_node           11540430582      3040163493      2748481388      2340443837      2743971892      2169559015      2406666299      2776551617
other_node              17085241       186492207       234279418       177337730        52167477        53451266        74284017        21030300
                           node0           node1           node2           node3           node4           node5           node6           node7
numa_hit             11542829866      3196670664      2890496919      2472779378      2760400972      2186088514      2461254514      2792851077
numa_miss               14760802        30059877        92338730        45077088        35738397        36921772        19696207         4731048
numa_foreign           122311696        75708213         3270611        24359608         9158828         8784167          552667        35178131
interleave_hit         186894079       156622787       142002992       132184388        15963681        15965293        15964032        15963646
local_node           11540504416      3040163822      2748481717      2340444183      2743971892      2169559020      2406666304      2776551825
other_node              17086252       186566719       234353932       177412283        52167477        53451266        74284417        21030300
                           node0           node1           node2           node3           node4           node5           node6           node7
numa_hit             11542920190      3196761045      2890587236      2472869691      2760400972      2186088514      2461254519      2792851282
numa_miss               14760802        30059877        92338730        45077088        35738397        36921772        19696207         4731048
numa_foreign           122311696        75708213         3270611        24359608         9158828         8784167          552667        35178131
interleave_hit         186984339       156713101       142093247       132274639        15963681        15965293        15964032        15963646
local_node           11540593681      3040164188      2748482066      2340444524      2743971892      2169559020      2406666309      2776552030
other_node              17087311       186656734       234443900       177502255        52167477        53451266        74284417        21030300
                           node0           node1           node2           node3           node4           node5           node6           node7
numa_hit             11543010525      3196851398      2890677559      2472960010      2760400972      2186088514      2461254519      2792851512
numa_miss               14760802        30059877        92338730        45077088        35738397        36921772        19696207         4731048
numa_foreign           122311696        75708213         3270611        24359608         9158828         8784167          552667        35178131
interleave_hit         187074611       156803392       142183508       132364896        15963681        15965293        15964032        15963646
local_node           11540682959      3040164548      2748482412      2340444871      2743971892      2169559020      2406666309      2776552260
other_node              17088368       186746727       234533877       177592227        52167477        53451266        74284417        21030300
                           node0           node1           node2           node3           node4           node5           node6           node7
numa_hit             11543100850      3196941775      2890767878      2473050324      2760400972      2186088552      2461254519      2792852043
numa_miss               14760802        30059877        92338730        45077088        35738397        36921772        19696207         4731048
numa_foreign           122311696        75708213         3270611        24359608         9158828         8784167          552667        35178131
interleave_hit         187164872       156893707       142273765       132455148        15963681        15965293        15964032        15963646
local_node           11540772222      3040164912      2748482755      2340445218      2743971892      2169559058      2406666309      2776552791
other_node              17089430       186836740       234623853       177682194        52167477        53451266        74284417        21030300
                           node0           node1           node2           node3           node4           node5           node6           node7
numa_hit             11543191162      3197032092      2890858260      2473140634      2760400972      2186088552      2461254647      2792852247
numa_miss               14760802        30059877        92338730        45077088        35738397        36921772        19696207         4731048
numa_foreign           122311696        75708213         3270611        24359608         9158828         8784167          552667        35178131
interleave_hit         187255121       156983962       142364085       132545396        15963681        15965293        15964032        15963646
local_node           11540861479      3040165256      2748483121      2340445561      2743971892      2169559058      2406666309      2776552995
other_node              17090485       186926713       234713869       177772161        52167477        53451266        74284545        21030300
                           node0           node1           node2           node3           node4           node5           node6           node7
numa_hit             11543281483      3197122410      2890948640      2473230941      2760400972      2186088557      2461254647      2792852453
numa_miss               14760802        30059877        92338730        45077088        35738397        36921772        19696207         4731048
numa_foreign           122311696        75708213         3270611        24359608         9158828         8784167          552667        35178131
interleave_hit         187345379       157074218       142454403       132635641        15963681        15965293        15964032        15963646
local_node           11540950739      3040165600      2748483485      2340445905      2743971892      2169559063      2406666309      2776553201
other_node              17091546       187016687       234803885       177862124        52167477        53451266        74284545        21030300
                           node0           node1           node2           node3           node4           node5           node6           node7
numa_hit             11543388750      3197229726      2891055906      2473338189      2760400972      2186088562      2461255105      2792852662
numa_miss               14760802        30059877        92338730        45077088        35738397        36921772        19696207         4731048
numa_foreign           122311696        75708213         3270611        24359608         9158828         8784167          552667        35178131
interleave_hit         187452577       157181467       142561607       132742827        15963681        15965293        15964032        15963646
local_node           11541056903      3040165982      2748483854      2340446262      2743971892      2169559068      2406666767      2776553410
other_node              17092649       187123621       234910782       177969015        52167477        53451266        74284545        21030300
                           node0           node1           node2           node3           node4           node5           node6           node7
numa_hit             11543496019      3197337059      2891163171      2473445435      2760400977      2186088562      2461255570      2792852869
numa_miss               14760802        30059877        92338730        45077088        35738397        36921772        19696207         4731048
numa_foreign           122311696        75708213         3270611        24359608         9158828         8784167          552667        35178131
interleave_hit         187559777       157288733       142668810       132850011        15963681        15965293        15964032        15963646
local_node           11541163065      3040166367      2748484222      2340446619      2743971897      2169559068      2406667232      2776553617
other_node              17093756       187230569       235017679       178075904        52167477        53451266        74284545        21030300
                           node0           node1           node2           node3           node4           node5           node6           node7
numa_hit             11543603339      3197444346      2891270428      2473552687      2760400982      2186088562      2461256280      2792853072
numa_miss               14760802        30059877        92338730        45077088        35738397        36921772        19696207         4731048
numa_foreign           122311696        75708213         3270611        24359608         9158828         8784167          552667        35178131
interleave_hit         187667009       157395948       142776005       132957201        15963681        15965293        15964032        15963646
local_node           11541269251      3040166742      2748484584      2340446982      2743971902      2169559068      2406667814      2776553820
other_node              17094890       187337481       235124574       178182793        52167477        53451266        74284673        21030300
                           node0           node1           node2           node3           node4           node5           node6           node7
numa_hit             11543710600      3197551609      2891377743      2473660103      2760400982      2186088567      2461256568      2792853274
numa_miss               14760802        30059877        92338730        45077088        35738397        36921772        19696207         4731048
numa_foreign           122311696        75708213         3270611        24359608         9158828         8784167          552667        35178131
interleave_hit         187774206       157503149       142883258       133064404        15963681        15965293        15964032        15963646
local_node           11541375405      3040167106      2748484965      2340447502      2743971902      2169559073      2406667974      2776554022
other_node              17095997       187444380       235231508       178289689        52167477        53451266        74284801        21030300
                           node0           node1           node2           node3           node4           node5           node6           node7
numa_hit             11543817863      3197658867      2891485003      2473767417      2760400982      2186088567      2461256568      2792853477
numa_miss               14760802        30059877        92338730        45077088        35738397        36921772        19696207         4731048
numa_foreign           122311696        75708213         3270611        24359608         9158828         8784167          552667        35178131
interleave_hit         187881406       157610345       142990456       133171656        15963681        15965293        15964032        15963646
local_node           11541481562      3040167469      2748485327      2340447878      2743971902      2169559073      2406667974      2776554225
other_node              17097103       187551275       235338406       178396627        52167477        53451266        74284801        21030300
                           node0           node1           node2           node3           node4           node5           node6           node7
numa_hit             11543943606      3197784537      2891610674      2473893084      2760400982      2186088567      2461256568      2792853683
numa_miss               14760802        30059877        92338730        45077088        35738397        36921772        19696207         4731048
numa_foreign           122311696        75708213         3270611        24359608         9158828         8784167          552667        35178131
interleave_hit         188007085       157735953       143116065       133297261        15963681        15965293        15964032        15963646
local_node           11541606098      3040167847      2748485703      2340448252      2743971902      2169559073      2406667974      2776554431
other_node              17098310       187676567       235463701       178521920        52167477        53451266        74284801        21030300
                           node0           node1           node2           node3           node4           node5           node6           node7
numa_hit             11544069313      3197910237      2891736342      2474018746      2760400982      2186088588      2461256573      2792853895
numa_miss               14760802        30059877        92338730        45077088        35738397        36921772        19696207         4731048
numa_foreign           122311696        75708213         3270611        24359608         9158828         8784167          552667        35178131
interleave_hit         188132728       157861591       143241671       133422861        15963681        15965293        15964032        15963646
local_node           11541730622      3040168246      2748486082      2340448627      2743971902      2169559094      2406667979      2776554643
other_node              17099493       187801868       235588990       178647207        52167477        53451266        74284801        21030300
                           node0           node1           node2           node3           node4           node5           node6           node7
numa_hit             11544194991      3198035947      2891862025      2474144405      2760400988      2186088593      2461256702      2792854101
numa_miss               14760802        30059877        92338730        45077088        35738397        36921772        19696207         4731048
numa_foreign           122311696        75708213         3270611        24359608         9158828         8784167          552667        35178131
interleave_hit         188258337       157987239       143367292       133548458        15963681        15965293        15964032        15963646
local_node           11541855146      3040168641      2748486465      2340449003      2743971908      2169559099      2406667980      2776554849
other_node              17100647       187927183       235714290       178772490        52167477        53451266        74284929        21030300
                           node0           node1           node2           node3           node4           node5           node6           node7
numa_hit             11544320665      3198161653      2891987691      2474270089      2760400998      2186088593      2461256830      2792854311
numa_miss               14760802        30059877        92338730        45077088        35738397        36921772        19696207         4731048
numa_foreign           122311696        75708213         3270611        24359608         9158828         8784167          552667        35178131
interleave_hit         188383942       158112883       143492896       133674080        15963681        15965293        15964032        15963646
local_node           11541979666      3040169040      2748486840      2340449387      2743971918      2169559099      2406667980      2776555059
other_node              17101801       188052490       235839581       178897790        52167477        53451266        74285057        21030300
                           node0           node1           node2           node3           node4           node5           node6           node7
numa_hit             11544446344      3198287342      2892113405      2474395748      2760400998      2186088598      2461256830      2792854516
numa_miss               14760802        30059877        92338730        45077088        35738397        36921772        19696207         4731048
numa_foreign           122311696        75708213         3270611        24359608         9158828         8784167          552667        35178131
interleave_hit         188509552       158238510       143618548       133799677        15963681        15965293        15964032        15963646
local_node           11542104193      3040169424      2748487220      2340449762      2743971918      2169559104      2406667980      2776555264
other_node              17102953       188177795       235964915       179023074        52167477        53451266        74285057        21030300
                           node0           node1           node2           node3           node4           node5           node6           node7
numa_hit             11544591898      3198432945      2892258945      2474541284      2760400998      2186088598      2461256958      2792854721
numa_miss               14760802        30059877        92338730        45077088        35738397        36921772        19696207         4731048
numa_foreign           122311696        75708213         3270611        24359608         9158828         8784167          552667        35178131
interleave_hit         188655042       158384046       143764026       133945151        15963681        15965293        15964032        15963646
local_node           11542248555      3040169838      2748487617      2340450154      2743971918      2169559104      2406667980      2776555469
other_node              17104145       188322984       236110058       179168218        52167477        53451266        74285185        21030300
                           node0           node1           node2           node3           node4           node5           node6           node7
numa_hit             11544737462      3198578528      2892404501      2474686822      2760400998      2186088598      2461256958      2792855217
numa_miss               14760802        30059877        92338730        45077088        35738397        36921772        19696207         4731048
numa_foreign           122311696        75708213         3270611        24359608         9158828         8784167          552667        35178131
interleave_hit         188800537       158529567       143909515       134090627        15963681        15965293        15964032        15963646
local_node           11542392915      3040170246      2748488017      2340450549      2743971918      2169559104      2406667980      2776555965
other_node              17105349       188468159       236255214       179313361        52167477        53451266        74285185        21030300
                           node0           node1           node2           node3           node4           node5           node6           node7
numa_hit             11544883012      3198724103      2892550051      2474832398      2760400998      2186088598      2461256968      2792855739
numa_miss               14760802        30059877        92338730        45077088        35738397        36921772        19696207         4731048
numa_foreign           122311696        75708213         3270611        24359608         9158828         8784167          552667        35178131
interleave_hit         188946023       158675080       144054998       134236141        15963681        15965293        15964032        15963646
local_node           11542537266      3040170653      2748488413      2340450944      2743971918      2169559104      2406667990      2776556487
other_node              17106548       188613327       236400368       179458542        52167477        53451266        74285185        21030300
                           node0           node1           node2           node3           node4           node5           node6           node7
numa_hit             11545028619      3198869646      2892695595      2474977942      2760401003      2186088598      2461256999      2792855949
numa_miss               14760802        30059877        92338730        45077088        35738397        36921772        19696207         4731048
numa_foreign           122311696        75708213         3270611        24359608         9158828         8784167          552667        35178131
interleave_hit         189091566       158820561       144200480       134381623        15963681        15965293        15964032        15963646
local_node           11542681634      3040171048      2748488807      2340451336      2743971923      2169559104      2406668021      2776556697
other_node              17107787       188758475       236545518       179603694        52167477        53451266        74285185        21030300
                           node0           node1           node2           node3           node4           node5           node6           node7
numa_hit             11545174166      3199015247      2892841135      2475123480      2760401003      2186088598      2461256999      2792856156
numa_miss               14760802        30059877        92338730        45077088        35738397        36921772        19696207         4731048
numa_foreign           122311696        75708213         3270611        24359608         9158828         8784167          552667        35178131
interleave_hit         189237049       158966100       144345958       134527099        15963681        15965293        15964032        15963646
local_node           11542825984      3040171453      2748489200      2340451724      2743971923      2169559104      2406668021      2776556904
other_node              17108984       188903671       236690665       179748844        52167477        53451266        74285185        21030300
                           node0           node1           node2           node3           node4           node5           node6           node7
numa_hit             11545341062      3199182174      2893008026      2475290391      2760401003      2186088603      2461256999      2792856671
numa_miss               14760802        30059877        92338730        45077088        35738397        36921772        19696207         4731048
numa_foreign           122311696        75708213         3270611        24359608         9158828         8784167          552667        35178131
interleave_hit         189403876       159132965       144512787       134693948        15963681        15965293        15964032        15963646
local_node           11542991634      3040171874      2748489604      2340452140      2743971923      2169559109      2406668021      2776557419
other_node              17110230       189070177       236857152       179915339        52167477        53451266        74285185        21030300
                           node0           node1           node2           node3           node4           node5           node6           node7
numa_hit             11545508051      3199349063      2893174922      2475457590      2760401128      2186088608      2461257399      2792857028
numa_miss               14760802        30059877        92338730        45077088        35738397        36921772        19696207         4731048
numa_foreign           122311696        75708213         3270611        24359608         9158828         8784167          552667        35178131
interleave_hit         189570762       159299787       144679616       134860782        15963681        15965293        15964032        15963646
local_node           11543157333      3040172288      2748490016      2340452854      2743972048      2169559114      2406668021      2776557776
other_node              17111520       189236652       237023636       180081824        52167477        53451266        74285585        21030300
                           node0           node1           node2           node3           node4           node5           node6           node7
numa_hit             11545675106      3199516006      2893341835      2475624475      2760401733      2186088613      2461257404      2792857234
numa_miss               14760802        30059877        92338730        45077088        35738397        36921772        19696207         4731048
numa_foreign           122311696        75708213         3270611        24359608         9158828         8784167          552667        35178131
interleave_hit         189737592       159466658       144846457       135027605        15963681        15965293        15964032        15963646
local_node           11543323140      3040172715      2748490435      2340453262      2743972653      2169559119      2406668026      2776557982
other_node              17112768       189403168       237190130       180248301        52167477        53451266        74285585        21030300
                           node0           node1           node2           node3           node4           node5           node6           node7
numa_hit             11545842064      3199682914      2893508738      2475791364      2760401883      2186088620      2461257405      2792857457
numa_miss               14760802        30059877        92338730        45077088        35738397        36921772        19696207         4731048
numa_foreign           122311696        75708213         3270611        24359608         9158828         8784167          552667        35178131
interleave_hit         189904480       159633489       145013283       135194432        15963681        15965293        15964032        15963646
local_node           11543488808      3040173144      2748490863      2340453672      2743972803      2169559126      2406668027      2776558205
other_node              17114058       189569647       237356605       180414780        52167477        53451266        74285585        21030300
                           node0           node1           node2           node3           node4           node5           node6           node7
numa_hit             11546008970      3199849867      2893675625      2475958245      2760401883      2186088630      2461257420      2792857668
numa_miss               14760802        30059877        92338730        45077088        35738397        36921772        19696207         4731048
numa_foreign           122311696        75708213         3270611        24359608         9158828         8784167          552667        35178131
interleave_hit         190071317       159800370       145180103       135361251        15963681        15965293        15964032        15963646
local_node           11543654469      3040173581      2748491278      2340454084      2743972803      2169559136      2406668042      2776558416
other_node              17115303       189736163       237523077       180581249        52167477        53451266        74285585        21030300
                           node0           node1           node2           node3           node4           node5           node6           node7
numa_hit             11546198674      3200039637      2893865337      2476147944      2760401883      2186088656      2461257548      2792857886
numa_miss               14760802        30059877        92338730        45077088        35738397        36921772        19696207         4731048
numa_foreign           122311696        75708213         3270611        24359608         9158828         8784167          552667        35178131
interleave_hit         190260956       159990063       145369743       135550888        15963681        15965293        15964032        15963646
local_node           11543842879      3040174036      2748491716      2340454511      2743972803      2169559162      2406668042      2776558634
other_node              17116597       189925478       237712351       180770521        52167477        53451266        74285713        21030300
                           node0           node1           node2           node3           node4           node5           node6           node7
numa_hit             11546388435      3200229341      2894055061      2476337640      2760401889      2186088656      2461257553      2792858108
numa_miss               14760802        30059877        92338730        45077088        35738397        36921772        19696207         4731048
numa_foreign           122311696        75708213         3270611        24359608         9158828         8784167          552667        35178131
interleave_hit         190450648       160179705       145559390       135740522        15963681        15965293        15964032        15963646
local_node           11544031301      3040174459      2748492155      2340454934      2743972809      2169559162      2406668047      2776558856
other_node              17117936       190114759       237901636       180959794        52167477        53451266        74285713        21030300
                           node0           node1           node2           node3           node4           node5           node6           node7
numa_hit             11546578150      3200419109      2894244993      2476527330      2760401894      2186088656      2461257754      2792858330
numa_miss               14760802        30059877        92338730        45077088        35738397        36921772        19696207         4731048
numa_foreign           122311696        75708213         3270611        24359608         9158828         8784167          552667        35178131
interleave_hit         190640298       160369396       145749032       135930150        15963681        15965293        15964032        15963646
local_node           11544219716      3040174911      2748492809      2340455359      2743972814      2169559162      2406668120      2776559078
other_node              17119236       190304075       238090914       181149059        52167477        53451266        74285841        21030300
                           node0           node1           node2           node3           node4           node5           node6           node7
numa_hit             11546767858      3200608820      2894434754      2476717034      2760401899      2186088656      2461257764      2792858550
numa_miss               14760802        30059877        92338730        45077088        35738397        36921772        19696207         4731048
numa_foreign           122311696        75708213         3270611        24359608         9158828         8784167          552667        35178131
interleave_hit         190829936       160559034       145938726       136119792        15963681        15965293        15964032        15963646
local_node           11544408131      3040175350      2748493254      2340455790      2743972819      2169559162      2406668130      2776559298
other_node              17120529       190493347       238280230       181338332        52167477        53451266        74285841        21030300
                           node0           node1           node2           node3           node4           node5           node6           node7
numa_hit             11546957559      3200798587      2894624457      2476906734      2760401899      2186088656      2461257769      2792858761
numa_miss               14760802        30059877        92338730        45077088        35738397        36921772        19696207         4731048
numa_foreign           122311696        75708213         3270611        24359608         9158828         8784167          552667        35178131
interleave_hit         191019573       160748734       146128367       136309430        15963681        15965293        15964032        15963646
local_node           11544596538      3040175797      2748493675      2340456219      2743972819      2169559162      2406668135      2776559509
other_node              17121823       190682667       238469512       181527603        52167477        53451266        74285841        21030300
                           node0           node1           node2           node3           node4           node5           node6           node7
numa_hit             11547171544      3201012590      2894838441      2477120749      2760401899      2186088688      2461257917      2792858980
numa_miss               14760802        30059877        92338730        45077088        35738397        36921772        19696207         4731048
numa_foreign           122311696        75708213         3270611        24359608         9158828         8784167          552667        35178131
interleave_hit         191233493       160962675       146342289       136523383        15963681        15965293        15964032        15963646
local_node           11544809184      3040176242      2748494114      2340456665      2743972819      2169559194      2406668155      2776559728
other_node              17123162       190896225       238683057       181741172        52167477        53451266        74285969        21030300
                           node0           node1           node2           node3           node4           node5           node6           node7
numa_hit             11547385535      3201226587      2895052474      2477334731      2760402056      2186088688      2461257917      2792859191
numa_miss               14760802        30059877        92338730        45077088        35738397        36921772        19696207         4731048
numa_foreign           122311696        75708213         3270611        24359608         9158828         8784167          552667        35178131
interleave_hit         191447414       161176610       146556260       136737303        15963681        15965293        15964032        15963646
local_node           11545021836      3040176685      2748494565      2340457102      2743972976      2169559194      2406668155      2776559939
other_node              17124501       191109779       238896639       181954717        52167477        53451266        74285969        21030300
                           node0           node1           node2           node3           node4           node5           node6           node7
numa_hit             11547599542      3201440614      2895266483      2477548698      2760402974      2186088688      2461258045      2792859411
numa_miss               14760802        30059877        92338730        45077088        35738397        36921772        19696207         4731048
numa_foreign           122311696        75708213         3270611        24359608         9158828         8784167          552667        35178131
interleave_hit         191661338       161390570       146770202       136951208        15963681        15965293        15964032        15963646
local_node           11545234505      3040177142      2748495017      2340457538      2743973894      2169559194      2406668155      2776560159
other_node              17125839       191323349       239110196       182168248        52167477        53451266        74286097        21030300
                           node0           node1           node2           node3           node4           node5           node6           node7
numa_hit             11547813555      3201654643      2895480481      2477762672      2760403284      2186088856      2461258341      2792859629
numa_miss               14760802        30059877        92338730        45077088        35738397        36921772        19696207         4731048
numa_foreign           122311696        75708213         3270611        24359608         9158828         8784167          552667        35178131
interleave_hit         191875281       161604537       146984123       137165120        15963681        15965293        15964032        15963646
local_node           11545447166      3040177597      2748495470      2340457977      2743974204      2169559362      2406668451      2776560377
other_node              17127191       191536923       239323741       182381783        52167477        53451266        74286097        21030300
                           node0           node1           node2           node3           node4           node5           node6           node7
numa_hit             11548027557      3201868691      2895694463      2477976652      2760403289      2186088856      2461258346      2792859832
numa_miss               14760802        30059877        92338730        45077088        35738397        36921772        19696207         4731048
numa_foreign           122311696        75708213         3270611        24359608         9158828         8784167          552667        35178131
interleave_hit         192089208       161818518       147198043       137379038        15963681        15965293        15964032        15963646
local_node           11545659827      3040178059      2748495908      2340458417      2743974209      2169559362      2406668456      2776560580
other_node              17128532       191750509       239537285       182595323        52167477        53451266        74286097        21030300
                           node0           node1           node2           node3           node4           node5           node6           node7
numa_hit             11548267302      3202108441      2895934202      2478216418      2760403289      2186088875      2461258351      2792860045
numa_miss               14760802        30059877        92338730        45077088        35738397        36921772        19696207         4731048
numa_foreign           122311696        75708213         3270611        24359608         9158828         8784167          552667        35178131
interleave_hit         192328877       162058206       147437715       137618742        15963681        15965293        15964032        15963646
local_node           11545898184      3040178522      2748496368      2340458885      2743974209      2169559381      2406668461      2776560793
other_node              17129920       191989796       239776564       182834621        52167477        53451266        74286097        21030300
                           node0           node1           node2           node3           node4           node5           node6           node7
numa_hit             11548507039      3202348170      2896174002      2478456145      2760403290      2186089151      2461258488      2792860264
numa_miss               14760802        30059877        92338730        45077088        35738397        36921772        19696207         4731048
numa_foreign           122311696        75708213         3270611        24359608         9158828         8784167          552667        35178131
interleave_hit         192568544       162297868       147677448       137858407        15963681        15965293        15964032        15963646
local_node           11546136531      3040178980      2748496841      2340459335      2743974210      2169559657      2406668470      2776561012
other_node              17131310       192229067       240015891       183073898        52167477        53451266        74286225        21030300
                           node0           node1           node2           node3           node4           node5           node6           node7
numa_hit             11548746768      3202587905      2896413792      2478695875      2760403295      2186089151      2461258492      2792860472
numa_miss               14760802        30059877        92338730        45077088        35738397        36921772        19696207         4731048
numa_foreign           122311696        75708213         3270611        24359608         9158828         8784167          552667        35178131
interleave_hit         192808208       162537541       147917166       138098075        15963681        15965293        15964032        15963646
local_node           11546374875      3040179446      2748497319      2340459791      2743974215      2169559657      2406668474      2776561220
other_node              17132695       192468336       240255203       183313172        52167477        53451266        74286225        21030300
                           node0           node1           node2           node3           node4           node5           node6           node7
numa_hit             11548986509      3202827645      2896653579      2478935603      2760403298      2186089151      2461258625      2792860688
numa_miss               14760802        30059877        92338730        45077088        35738397        36921772        19696207         4731048
numa_foreign           122311696        75708213         3270611        24359608         9158828         8784167          552667        35178131
interleave_hit         193047878       162777219       148156886       138337741        15963681        15965293        15964032        15963646
local_node           11546613228      3040179902      2748497795      2340460247      2743974218      2169559657      2406668479      2776561436
other_node              17134083       192707620       240494514       183552444        52167477        53451266        74286353        21030300
                           node0           node1           node2           node3           node4           node5           node6           node7
numa_hit             11549226247      3203067376      2896893317      2479175383      2760403298      2186089151      2461258625      2792860924
numa_miss               14760802        30059877        92338730        45077088        35738397        36921772        19696207         4731048
numa_foreign           122311696        75708213         3270611        24359608         9158828         8784167          552667        35178131
interleave_hit         193287546       163016888       148396562       138577459        15963681        15965293        15964032        15963646
local_node           11546851577      3040180361      2748498251      2340460709      2743974218      2169559657      2406668479      2776561672
other_node              17135472       192946892       240733796       183791762        52167477        53451266        74286353        21030300
                           node0           node1           node2           node3           node4           node5           node6           node7
numa_hit             11549493197      3203334344      2897160310      2479442322      2760403450      2186089155      2461259025      2792861134
numa_miss               14760802        30059877        92338730        45077088        35738397        36921772        19696207         4731048
numa_foreign           122311696        75708213         3270611        24359608         9158828         8784167          552667        35178131
interleave_hit         193554430       163283789       148663493       138844336        15963681        15965293        15964032        15963646
local_node           11547117093      3040180855      2748498738      2340461175      2743974370      2169559657      2406668479      2776561882
other_node              17136906       193213366       241000302       184058235        52167477        53451270        74286753        21030300
                           node0           node1           node2           node3           node4           node5           node6           node7
numa_hit             11549760142      3203601342      2897427271      2479709272      2760403904      2186089170      2461259468      2792861962
numa_miss               14760802        30059877        92338730        45077088        35738397        36921772        19696207         4731048
numa_foreign           122311696        75708213         3270611        24359608         9158828         8784167          552667        35178131
interleave_hit         193821309       163550720       148930382       139111224        15963681        15965293        15964032        15963646
local_node           11547382612      3040181348      2748499219      2340461646      2743974824      2169559672      2406668794      2776562710
other_node              17138332       193479871       241266782       184324714        52167477        53451270        74286881        21030300
                           node0           node1           node2           node3           node4           node5           node6           node7
numa_hit             11550027137      3203868321      2897694227      2479976212      2760403904      2186089175      2461259769      2792862174
numa_miss               14760802        30059877        92338730        45077088        35738397        36921772        19696207         4731048
numa_foreign           122311696        75708213         3270611        24359608         9158828         8784167          552667        35178131
interleave_hit         194088228       163817637       149197271       139378102        15963681        15965293        15964032        15963646
local_node           11547648137      3040181822      2748499694      2340462117      2743974824      2169559677      2406669095      2776562922
other_node              17139802       193746376       241533263       184591183        52167477        53451270        74286881        21030300
                           node0           node1           node2           node3           node4           node5           node6           node7
numa_hit             11550294092      3204135330      2897961176      2480243152      2760403904      2186089210      2461259902      2792862386
numa_miss               14760802        30059877        92338730        45077088        35738397        36921772        19696207         4731048
numa_foreign           122311696        75708213         3270611        24359608         9158828         8784167          552667        35178131
interleave_hit         194355117       164084584       149464153       139644980        15963681        15965293        15964032        15963646
local_node           11547913654      3040182314      2748500168      2340462592      2743974824      2169559712      2406669100      2776563134
other_node              17141240       194012893       241799738       184857648        52167477        53451270        74287009        21030300
                           node0           node1           node2           node3           node4           node5           node6           node7
numa_hit             11550561091      3204402300      2898228125      2480510088      2760403915      2186089220      2461260035      2792862600
numa_miss               14760802        30059877        92338730        45077088        35738397        36921772        19696207         4731048
numa_foreign           122311696        75708213         3270611        24359608         9158828         8784167          552667        35178131
interleave_hit         194622050       164351487       149731040       139911854        15963681        15965293        15964032        15963646
local_node           11548179189      3040182799      2748500640      2340463062      2743974835      2169559722      2406669105      2776563348
other_node              17142704       194279378       242066215       185124114        52167477        53451270        74287137        21030300
                           node0           node1           node2           node3           node4           node5           node6           node7
numa_hit             11550856731      3204698002      2898523759      2480805713      2760403916      2186089230      2461260330      2792862815
numa_miss               14760802        30059877        92338730        45077088        35738397        36921772        19696207         4731048
numa_foreign           122311696        75708213         3270611        24359608         9158828         8784167          552667        35178131
interleave_hit         194917624       164647117       150026607       140207417        15963681        15965293        15964032        15963646
local_node           11548473343      3040183312      2748501130      2340463546      2743974836      2169559732      2406669400      2776563563
other_node              17144190       194574567       242361359       185419255        52167477        53451270        74287137        21030300
                           node0           node1           node2           node3           node4           node5           node6           node7
numa_hit             11551152429      3204993635      2898819395      2481101336      2760403924      2186089246      2461260330      2792863050
numa_miss               14760802        30059877        92338730        45077088        35738397        36921772        19696207         4731048
numa_foreign           122311696        75708213         3270611        24359608         9158828         8784167          552667        35178131
interleave_hit         195213251       164942688       150322179       140502978        15963681        15965293        15964032        15963646
local_node           11548767511      3040183800      2748501617      2340464033      2743974844      2169559748      2406669400      2776563798
other_node              17145720       194869712       242656508       185714391        52167477        53451270        74287137        21030300
                           node0           node1           node2           node3           node4           node5           node6           node7
numa_hit             11551448063      3205289325      2899115025      2481396965      2760403932      2186089254      2461260490      2792863287
numa_miss               14760802        30059877        92338730        45077088        35738397        36921772        19696207         4731048
numa_foreign           122311696        75708213         3270611        24359608         9158828         8784167          552667        35178131
interleave_hit         195508818       165238316       150617747       140798545        15963681        15965293        15964032        15963646
local_node           11549061663      3040184302      2748502103      2340464524      2743974852      2169559756      2406669432      2776564035
other_node              17147202       195164900       242951652       186009529        52167477        53451270        74287265        21030300
                           node0           node1           node2           node3           node4           node5           node6           node7
numa_hit             11551744159      3205584962      2899410667      2481692975      2760403942      2186089697      2461260490      2792863509
numa_miss               14760802        30059877        92338730        45077088        35738397        36921772        19696207         4731048
numa_foreign           122311696        75708213         3270611        24359608         9158828         8784167          552667        35178131
interleave_hit         195804386       165533886       150913322       141094170        15963681        15965293        15964032        15963646
local_node           11549356278      3040184799      2748502593      2340465347      2743974862      2169560199      2406669432      2776564257
other_node              17148683       195460040       243246804       186304716        52167477        53451270        74287265        21030300
                           node0           node1           node2           node3           node4           node5           node6           node7
numa_hit             11552040107      3205880591      2899706312      2481988664      2760404255      2186089717      2461260500      2792863717
numa_miss               14760802        30059877        92338730        45077088        35738397        36921772        19696207         4731048
numa_foreign           122311696        75708213         3270611        24359608         9158828         8784167          552667        35178131
interleave_hit         196099951       165829443       151208890       141389797        15963681        15965293        15964032        15963646
local_node           11549650748      3040185289      2748503092      2340465849      2743975175      2169560219      2406669442      2776564465
other_node              17150161       195755179       243541950       186599903        52167477        53451270        74287265        21030300
REMOVING COMPILED PROGRAMS AND UNLOADING MODULES...

rm -rf /u/dssc/scocom00/ex_2/size_scalability/NUMACTL/SIZE_EPYC/*.x
